Build started 06/12/2016 18:39:24.
     1>Project "C:\Users\test\Desktop\OpenGLWOOPWOOP\GraphicsProgramming\GraphicsProgramming\GraphicsProgramming.vcxproj" on node 2 (Build target(s)).
     1>ClCompile:
         C:\Program Files (x86)\Microsoft Visual Studio 12.0\VC\bin\CL.exe /c /Zi /nologo /W3 /WX- /sdl /O2 /Oi /Oy- /GL /D WIN32 /D NDEBUG /D _WINDOWS /D _UNICODE /D UNICODE /Gm- /EHsc /MD /GS /Gy /fp:precise /Zc:wchar_t /Zc:forScope /Fo"Release\\" /Fd"Release\vc120.pdb" /Gd /TP /analyze- /errorReport:prompt Camera2.cpp CircularShape.cpp Cube.cpp Disc.cpp IcoSphere.cpp ImportedModel.cpp Light.cpp Main.cpp Map.cpp Material.cpp Plane.cpp PrimativeShape.cpp QuadStrip.cpp Scene.cpp Sphere.cpp
         Camera2.cpp
     1>c:\users\test\desktop\openglwoopwoop\graphicsprogramming\graphicsprogramming\Camera2.h(4): fatal error C1083: Cannot open include file: 'glut.h': No such file or directory
         CircularShape.cpp
     1>c:\users\test\desktop\openglwoopwoop\graphicsprogramming\graphicsprogramming\PrimativeShape.h(5): fatal error C1083: Cannot open include file: 'glut.h': No such file or directory
         Cube.cpp
     1>c:\users\test\desktop\openglwoopwoop\graphicsprogramming\graphicsprogramming\PrimativeShape.h(5): fatal error C1083: Cannot open include file: 'glut.h': No such file or directory
         Disc.cpp
     1>c:\users\test\desktop\openglwoopwoop\graphicsprogramming\graphicsprogramming\PrimativeShape.h(5): fatal error C1083: Cannot open include file: 'glut.h': No such file or directory
         IcoSphere.cpp
     1>c:\users\test\desktop\openglwoopwoop\graphicsprogramming\graphicsprogramming\PrimativeShape.h(5): fatal error C1083: Cannot open include file: 'glut.h': No such file or directory
         ImportedModel.cpp
     1>c:\users\test\desktop\openglwoopwoop\graphicsprogramming\graphicsprogramming\PrimativeShape.h(5): fatal error C1083: Cannot open include file: 'glut.h': No such file or directory
         Light.cpp
     1>c:\users\test\desktop\openglwoopwoop\graphicsprogramming\graphicsprogramming\PrimativeShape.h(5): fatal error C1083: Cannot open include file: 'glut.h': No such file or directory
         Main.cpp
     1>Main.cpp(9): fatal error C1083: Cannot open include file: 'glut.h': No such file or directory
         Map.cpp
     1>c:\users\test\desktop\openglwoopwoop\graphicsprogramming\graphicsprogramming\PrimativeShape.h(5): fatal error C1083: Cannot open include file: 'glut.h': No such file or directory
         Material.cpp
     1>c:\users\test\desktop\openglwoopwoop\graphicsprogramming\graphicsprogramming\Material.h(2): fatal error C1083: Cannot open include file: 'glut.h': No such file or directory
         Plane.cpp
     1>c:\users\test\desktop\openglwoopwoop\graphicsprogramming\graphicsprogramming\PrimativeShape.h(5): fatal error C1083: Cannot open include file: 'glut.h': No such file or directory
         PrimativeShape.cpp
     1>c:\users\test\desktop\openglwoopwoop\graphicsprogramming\graphicsprogramming\PrimativeShape.h(5): fatal error C1083: Cannot open include file: 'glut.h': No such file or directory
         QuadStrip.cpp
     1>c:\users\test\desktop\openglwoopwoop\graphicsprogramming\graphicsprogramming\PrimativeShape.h(5): fatal error C1083: Cannot open include file: 'glut.h': No such file or directory
         Scene.cpp
     1>c:\users\test\desktop\openglwoopwoop\graphicsprogramming\graphicsprogramming\Scene.h(10): fatal error C1083: Cannot open include file: 'glut.h': No such file or directory
         Sphere.cpp
     1>c:\users\test\desktop\openglwoopwoop\graphicsprogramming\graphicsprogramming\PrimativeShape.h(5): fatal error C1083: Cannot open include file: 'glut.h': No such file or directory
     1>Done Building Project "C:\Users\test\Desktop\OpenGLWOOPWOOP\GraphicsProgramming\GraphicsProgramming\GraphicsProgramming.vcxproj" (Build target(s)) -- FAILED.

Build FAILED.

Time Elapsed 00:00:11.58
