c:\users\test\documents\opengl011116\graphicsprogramming\graphicsprogramming\debug\vc120.pdb
c:\users\test\documents\opengl011116\graphicsprogramming\graphicsprogramming\debug\vc120.idb
c:\users\test\documents\opengl011116\graphicsprogramming\graphicsprogramming\debug\camera.obj
c:\users\test\documents\opengl011116\graphicsprogramming\graphicsprogramming\debug\input.obj
c:\users\test\documents\opengl011116\graphicsprogramming\graphicsprogramming\debug\light.obj
c:\users\test\documents\opengl011116\graphicsprogramming\graphicsprogramming\debug\main.obj
c:\users\test\documents\opengl011116\graphicsprogramming\graphicsprogramming\debug\map.obj
c:\users\test\documents\opengl011116\graphicsprogramming\graphicsprogramming\debug\objloader.obj
c:\users\test\documents\opengl011116\graphicsprogramming\graphicsprogramming\debug\scene.obj
c:\users\test\documents\opengl011116\graphicsprogramming\graphicsprogramming\debug\transform.obj
c:\users\test\documents\opengl011116\graphicsprogramming\graphicsprogramming\debug\vector3.obj
c:\users\test\documents\opengl011116\graphicsprogramming\graphicsprogramming\debug\cubegen.obj
c:\users\test\documents\opengl011116\graphicsprogramming\debug\graphicsprogramming.ilk
c:\users\test\documents\opengl011116\graphicsprogramming\debug\graphicsprogramming.exe
c:\users\test\documents\opengl011116\graphicsprogramming\debug\graphicsprogramming.pdb
c:\users\test\documents\opengl011116\graphicsprogramming\graphicsprogramming\debug\graphics.0b39da7b.tlog\cl.command.1.tlog
c:\users\test\documents\opengl011116\graphicsprogramming\graphicsprogramming\debug\graphics.0b39da7b.tlog\cl.read.1.tlog
c:\users\test\documents\opengl011116\graphicsprogramming\graphicsprogramming\debug\graphics.0b39da7b.tlog\cl.write.1.tlog
c:\users\test\documents\opengl011116\graphicsprogramming\graphicsprogramming\debug\graphics.0b39da7b.tlog\link.command.1.tlog
c:\users\test\documents\opengl011116\graphicsprogramming\graphicsprogramming\debug\graphics.0b39da7b.tlog\link.read.1.tlog
c:\users\test\documents\opengl011116\graphicsprogramming\graphicsprogramming\debug\graphics.0b39da7b.tlog\link.write.1.tlog
